This file contains any messages produced by compilers while
running configure, to aid debugging if configure makes a mistake.

It was created by LSBSteg configure 1.0, which was
generated by GNU Autoconf 2.69.  Invocation command line was

  $ ./configure 

## --------- ##
## Platform. ##
## --------- ##

hostname = william
uname -m = x86_64
uname -r = 4.9.0-6-amd64
uname -s = Linux
uname -v = #1 SMP Debian 4.9.82-1+deb9u3 (2018-03-02)

/usr/bin/uname -p = unknown
/bin/uname -X     = unknown

/bin/arch              = unknown
/usr/bin/arch -k       = unknown
/usr/convex/getsysinfo = unknown
/usr/bin/hostinfo      = unknown
/bin/machine           = unknown
/usr/bin/oslevel       = unknown
/bin/universe          = unknown

PATH: /usr/local/bin
PATH: /usr/bin
PATH: /bin
PATH: /usr/local/games
PATH: /usr/games


## ----------- ##
## Core tests. ##
## ----------- ##

configure:2208: checking for gcc
configure:2224: found /usr/bin/gcc
configure:2235: result: gcc
configure:2464: checking for C compiler version
configure:2473: gcc --version >&5
gcc (Debian 6.3.0-18+deb9u1) 6.3.0 20170516
Copyright (C) 2016 Free Software Foundation, Inc.
This is free software; see the source for copying conditions.  There is NO
warranty; not even for MERCHANTABILITY or FITNESS FOR A PARTICULAR PURPOSE.

configure:2484: $? = 0
configure:2473: gcc -v >&5
Using built-in specs.
COLLECT_GCC=gcc
COLLECT_LTO_WRAPPER=/usr/lib/gcc/x86_64-linux-gnu/6/lto-wrapper
Target: x86_64-linux-gnu
Configured with: ../src/configure -v --with-pkgversion='Debian 6.3.0-18+deb9u1' --with-bugurl=file:///usr/share/doc/gcc-6/README.Bugs --enable-languages=c,ada,c++,java,go,d,fortran,objc,obj-c++ --prefix=/usr --program-suffix=-6 --program-prefix=x86_64-linux-gnu- --enable-shared --enable-linker-build-id --libexecdir=/usr/lib --without-included-gettext --enable-threads=posix --libdir=/usr/lib --enable-nls --with-sysroot=/ --enable-clocale=gnu --enable-libstdcxx-debug --enable-libstdcxx-time=yes --with-default-libstdcxx-abi=new --enable-gnu-unique-object --disable-vtable-verify --enable-libmpx --enable-plugin --enable-default-pie --with-system-zlib --disable-browser-plugin --enable-java-awt=gtk --enable-gtk-cairo --with-java-home=/usr/lib/jvm/java-1.5.0-gcj-6-amd64/jre --enable-java-home --with-jvm-root-dir=/usr/lib/jvm/java-1.5.0-gcj-6-amd64 --with-jvm-jar-dir=/usr/lib/jvm-exports/java-1.5.0-gcj-6-amd64 --with-arch-directory=amd64 --with-ecj-jar=/usr/share/java/eclipse-ecj.jar --with-target-system-zlib --enable-objc-gc=auto --enable-multiarch --with-arch-32=i686 --with-abi=m64 --with-multilib-list=m32,m64,mx32 --enable-multilib --with-tune=generic --enable-checking=release --build=x86_64-linux-gnu --host=x86_64-linux-gnu --target=x86_64-linux-gnu
Thread model: posix
gcc version 6.3.0 20170516 (Debian 6.3.0-18+deb9u1) 
configure:2484: $? = 0
configure:2473: gcc -V >&5
gcc: error: unrecognized command line option '-V'
gcc: fatal error: no input files
compilation terminated.
configure:2484: $? = 1
configure:2473: gcc -qversion >&5
gcc: error: unrecognized command line option '-qversion'; did you mean '--version'?
gcc: fatal error: no input files
compilation terminated.
configure:2484: $? = 1
configure:2504: checking whether the C compiler works
configure:2526: gcc    conftest.c  >&5
configure:2530: $? = 0
configure:2578: result: yes
configure:2581: checking for C compiler default output file name
configure:2583: result: a.out
configure:2589: checking for suffix of executables
configure:2596: gcc -o conftest    conftest.c  >&5
configure:2600: $? = 0
configure:2622: result: 
configure:2644: checking whether we are cross compiling
configure:2652: gcc -o conftest    conftest.c  >&5
configure:2656: $? = 0
configure:2663: ./conftest
configure:2667: $? = 0
configure:2682: result: no
configure:2687: checking for suffix of object files
configure:2709: gcc -c   conftest.c >&5
configure:2713: $? = 0
configure:2734: result: o
configure:2738: checking whether we are using the GNU C compiler
configure:2757: gcc -c   conftest.c >&5
configure:2757: $? = 0
configure:2766: result: yes
configure:2775: checking whether gcc accepts -g
configure:2795: gcc -c -g  conftest.c >&5
configure:2795: $? = 0
configure:2836: result: yes
configure:2853: checking for gcc option to accept ISO C89
configure:2916: gcc  -c -g -O2  conftest.c >&5
configure:2916: $? = 0
configure:2929: result: none needed
configure:2986: checking whether gcc understands -c and -o together
configure:3008: gcc -c conftest.c -o conftest2.o
configure:3011: $? = 0
configure:3008: gcc -c conftest.c -o conftest2.o
configure:3011: $? = 0
configure:3023: result: yes
configure:3050: checking how to run the C preprocessor
configure:3081: gcc -E  conftest.c
configure:3081: $? = 0
configure:3095: gcc -E  conftest.c
conftest.c:9:28: fatal error: ac_nonexistent.h: No such file or directory
 #include <ac_nonexistent.h>
                            ^
compilation terminated.
configure:3095: $? = 1
configure: failed program was:
| /* confdefs.h */
| #define PACKAGE_NAME "LSBSteg"
| #define PACKAGE_TARNAME "lsbsteg"
| #define PACKAGE_VERSION "1.0"
| #define PACKAGE_STRING "LSBSteg 1.0"
| #define PACKAGE_BUGREPORT "aiden.woodruff@gmail.com"
| #define PACKAGE_URL ""
| /* end confdefs.h.  */
| #include <ac_nonexistent.h>
configure:3120: result: gcc -E
configure:3140: gcc -E  conftest.c
configure:3140: $? = 0
configure:3154: gcc -E  conftest.c
conftest.c:9:28: fatal error: ac_nonexistent.h: No such file or directory
 #include <ac_nonexistent.h>
                            ^
compilation terminated.
configure:3154: $? = 1
configure: failed program was:
| /* confdefs.h */
| #define PACKAGE_NAME "LSBSteg"
| #define PACKAGE_TARNAME "lsbsteg"
| #define PACKAGE_VERSION "1.0"
| #define PACKAGE_STRING "LSBSteg 1.0"
| #define PACKAGE_BUGREPORT "aiden.woodruff@gmail.com"
| #define PACKAGE_URL ""
| /* end confdefs.h.  */
| #include <ac_nonexistent.h>
configure:3183: checking for grep that handles long lines and -e
configure:3241: result: /bin/grep
configure:3246: checking for egrep
configure:3308: result: /bin/grep -E
configure:3313: checking for ANSI C header files
configure:3333: gcc -c -g -O2  conftest.c >&5
configure:3333: $? = 0
configure:3406: gcc -o conftest -g -O2   conftest.c  >&5
configure:3406: $? = 0
configure:3406: ./conftest
configure:3406: $? = 0
configure:3417: result: yes
configure:3430: checking for sys/types.h
configure:3430: gcc -c -g -O2  conftest.c >&5
configure:3430: $? = 0
configure:3430: result: yes
configure:3430: checking for sys/stat.h
configure:3430: gcc -c -g -O2  conftest.c >&5
configure:3430: $? = 0
configure:3430: result: yes
configure:3430: checking for stdlib.h
configure:3430: gcc -c -g -O2  conftest.c >&5
configure:3430: $? = 0
configure:3430: result: yes
configure:3430: checking for string.h
configure:3430: gcc -c -g -O2  conftest.c >&5
configure:3430: $? = 0
configure:3430: result: yes
configure:3430: checking for memory.h
configure:3430: gcc -c -g -O2  conftest.c >&5
configure:3430: $? = 0
configure:3430: result: yes
configure:3430: checking for strings.h
configure:3430: gcc -c -g -O2  conftest.c >&5
configure:3430: $? = 0
configure:3430: result: yes
configure:3430: checking for inttypes.h
configure:3430: gcc -c -g -O2  conftest.c >&5
configure:3430: $? = 0
configure:3430: result: yes
configure:3430: checking for stdint.h
configure:3430: gcc -c -g -O2  conftest.c >&5
configure:3430: $? = 0
configure:3430: result: yes
configure:3430: checking for unistd.h
configure:3430: gcc -c -g -O2  conftest.c >&5
configure:3430: $? = 0
configure:3430: result: yes
configure:3445: checking for stdlib.h
configure:3445: result: yes
configure:3445: checking for string.h
configure:3445: result: yes
configure:3461: checking for stdlib.h
configure:3461: result: yes
configure:3471: checking for GNU libc compatible malloc
configure:3495: gcc -o conftest -g -O2   conftest.c  >&5
configure:3495: $? = 0
configure:3495: ./conftest
configure:3495: $? = 0
configure:3505: result: yes
configure:3529: checking for memset
configure:3529: gcc -o conftest -g -O2   conftest.c  >&5
conftest.c:46:6: warning: conflicting types for built-in function 'memset'
 char memset ();
      ^~~~~~
configure:3529: $? = 0
configure:3529: result: yes
configure:3529: checking for strtol
configure:3529: gcc -o conftest -g -O2   conftest.c  >&5
configure:3529: $? = 0
configure:3529: result: yes
configure:3557: checking for a BSD-compatible install
configure:3625: result: /usr/bin/install -c
configure:3636: checking whether build environment is sane
configure:3691: result: yes
configure:3839: checking for a thread-safe mkdir -p
configure:3878: result: /bin/mkdir -p
configure:3885: checking for gawk
configure:3901: found /usr/bin/gawk
configure:3912: result: gawk
configure:3923: checking whether make sets $(MAKE)
configure:3945: result: yes
configure:3975: checking for style of include used by make
configure:4003: result: GNU
configure:4037: checking whether make supports nested variables
configure:4054: result: yes
configure:4139: checking dependency style of gcc
configure:4250: result: gcc3
configure:4417: checking that generated files are newer than configure
configure:4423: result: done
configure:4446: creating ./config.status

## ---------------------- ##
## Running config.status. ##
## ---------------------- ##

This file was extended by LSBSteg config.status 1.0, which was
generated by GNU Autoconf 2.69.  Invocation command line was

  CONFIG_FILES    = 
  CONFIG_HEADERS  = 
  CONFIG_LINKS    = 
  CONFIG_COMMANDS = 
  $ ./config.status 

on william

config.status:859: creating Makefile
config.status:859: creating config.h
config.status:1040: config.h is unchanged
config.status:1088: executing depfiles commands

## ---------------- ##
## Cache variables. ##
## ---------------- ##

ac_cv_c_compiler_gnu=yes
ac_cv_env_CC_set=
ac_cv_env_CC_value=
ac_cv_env_CFLAGS_set=
ac_cv_env_CFLAGS_value=
ac_cv_env_CPPFLAGS_set=
ac_cv_env_CPPFLAGS_value=
ac_cv_env_CPP_set=
ac_cv_env_CPP_value=
ac_cv_env_LDFLAGS_set=
ac_cv_env_LDFLAGS_value=
ac_cv_env_LIBS_set=
ac_cv_env_LIBS_value=
ac_cv_env_build_alias_set=
ac_cv_env_build_alias_value=
ac_cv_env_host_alias_set=
ac_cv_env_host_alias_value=
ac_cv_env_target_alias_set=
ac_cv_env_target_alias_value=
ac_cv_func_malloc_0_nonnull=yes
ac_cv_func_memset=yes
ac_cv_func_strtol=yes
ac_cv_header_inttypes_h=yes
ac_cv_header_memory_h=yes
ac_cv_header_stdc=yes
ac_cv_header_stdint_h=yes
ac_cv_header_stdlib_h=yes
ac_cv_header_string_h=yes
ac_cv_header_strings_h=yes
ac_cv_header_sys_stat_h=yes
ac_cv_header_sys_types_h=yes
ac_cv_header_unistd_h=yes
ac_cv_objext=o
ac_cv_path_EGREP='/bin/grep -E'
ac_cv_path_GREP=/bin/grep
ac_cv_path_install='/usr/bin/install -c'
ac_cv_path_mkdir=/bin/mkdir
ac_cv_prog_AWK=gawk
ac_cv_prog_CPP='gcc -E'
ac_cv_prog_ac_ct_CC=gcc
ac_cv_prog_cc_c89=
ac_cv_prog_cc_g=yes
ac_cv_prog_make_make_set=yes
am_cv_CC_dependencies_compiler_type=gcc3
am_cv_make_support_nested_variables=yes
am_cv_prog_cc_c_o=yes

## ----------------- ##
## Output variables. ##
## ----------------- ##

ACLOCAL='${SHELL} /home/aiden/lsbsteg/missing aclocal-1.15'
AMDEPBACKSLASH='\'
AMDEP_FALSE='#'
AMDEP_TRUE=''
AMTAR='$${TAR-tar}'
AM_BACKSLASH='\'
AM_DEFAULT_V='$(AM_DEFAULT_VERBOSITY)'
AM_DEFAULT_VERBOSITY='1'
AM_V='$(V)'
AUTOCONF='${SHELL} /home/aiden/lsbsteg/missing autoconf'
AUTOHEADER='${SHELL} /home/aiden/lsbsteg/missing autoheader'
AUTOMAKE='${SHELL} /home/aiden/lsbsteg/missing automake-1.15'
AWK='gawk'
CC='gcc'
CCDEPMODE='depmode=gcc3'
CFLAGS='-g -O2'
CPP='gcc -E'
CPPFLAGS=''
CYGPATH_W='echo'
DEFS='-DHAVE_CONFIG_H'
DEPDIR='.deps'
ECHO_C=''
ECHO_N='-n'
ECHO_T=''
EGREP='/bin/grep -E'
EXEEXT=''
GREP='/bin/grep'
INSTALL_DATA='${INSTALL} -m 644'
INSTALL_PROGRAM='${INSTALL}'
INSTALL_SCRIPT='${INSTALL}'
INSTALL_STRIP_PROGRAM='$(install_sh) -c -s'
LDFLAGS=''
LIBOBJS=''
LIBS=''
LTLIBOBJS=''
MAKEINFO='${SHELL} /home/aiden/lsbsteg/missing makeinfo'
MKDIR_P='/bin/mkdir -p'
OBJEXT='o'
PACKAGE='lsbsteg'
PACKAGE_BUGREPORT='aiden.woodruff@gmail.com'
PACKAGE_NAME='LSBSteg'
PACKAGE_STRING='LSBSteg 1.0'
PACKAGE_TARNAME='lsbsteg'
PACKAGE_URL=''
PACKAGE_VERSION='1.0'
PATH_SEPARATOR=':'
SET_MAKE=''
SHELL='/bin/bash'
STRIP=''
VERSION='1.0'
ac_ct_CC='gcc'
am__EXEEXT_FALSE=''
am__EXEEXT_TRUE='#'
am__fastdepCC_FALSE='#'
am__fastdepCC_TRUE=''
am__include='include'
am__isrc=''
am__leading_dot='.'
am__nodep='_no'
am__quote=''
am__tar='$${TAR-tar} chof - "$$tardir"'
am__untar='$${TAR-tar} xf -'
bindir='${exec_prefix}/bin'
build_alias=''
datadir='${datarootdir}'
datarootdir='${prefix}/share'
docdir='${datarootdir}/doc/${PACKAGE_TARNAME}'
dvidir='${docdir}'
exec_prefix='${prefix}'
host_alias=''
htmldir='${docdir}'
includedir='${prefix}/include'
infodir='${datarootdir}/info'
install_sh='${SHELL} /home/aiden/lsbsteg/install-sh'
libdir='${exec_prefix}/lib'
libexecdir='${exec_prefix}/libexec'
localedir='${datarootdir}/locale'
localstatedir='${prefix}/var'
mandir='${datarootdir}/man'
mkdir_p='$(MKDIR_P)'
oldincludedir='/usr/include'
pdfdir='${docdir}'
prefix='/usr/local'
program_transform_name='s,x,x,'
psdir='${docdir}'
runstatedir='${localstatedir}/run'
sbindir='${exec_prefix}/sbin'
sharedstatedir='${prefix}/com'
sysconfdir='${prefix}/etc'
target_alias=''

## ----------- ##
## confdefs.h. ##
## ----------- ##

/* confdefs.h */
#define PACKAGE_NAME "LSBSteg"
#define PACKAGE_TARNAME "lsbsteg"
#define PACKAGE_VERSION "1.0"
#define PACKAGE_STRING "LSBSteg 1.0"
#define PACKAGE_BUGREPORT "aiden.woodruff@gmail.com"
#define PACKAGE_URL ""
#define STDC_HEADERS 1
#define HAVE_SYS_TYPES_H 1
#define HAVE_SYS_STAT_H 1
#define HAVE_STDLIB_H 1
#define HAVE_STRING_H 1
#define HAVE_MEMORY_H 1
#define HAVE_STRINGS_H 1
#define HAVE_INTTYPES_H 1
#define HAVE_STDINT_H 1
#define HAVE_UNISTD_H 1
#define HAVE_STDLIB_H 1
#define HAVE_STRING_H 1
#define HAVE_STDLIB_H 1
#define HAVE_MALLOC 1
#define HAVE_MEMSET 1
#define HAVE_STRTOL 1
#define PACKAGE "lsbsteg"
#define VERSION "1.0"

configure: exit 0
